<?xml version="1.0" encoding="UTF-8"?>
<!-- Generated by org.testng.reporters.JUnitXMLReporter -->
<testsuite ignored="3" hostname="DESKTOP-5GBN1E9" failures="0" tests="1" name="Default test" time="51.805" errors="0" timestamp="2022-09-28T15:53:05 IST">
  <testcase classname="com.qa.pushpa.testLayer.TestCase1" name="ValidationOfCountry" time="40.894"/>
  <testcase classname="com.qa.pushpa.testLayer.TestCase1" name="validationOfReleaseDate" time="0.0">
    <ignored/>
  </testcase> <!-- validationOfReleaseDate -->
  <testcase classname="com.qa.pushpa.testLayer.TestCase1" name="detailsFromWiki" time="0.0">
    <ignored/>
  </testcase> <!-- detailsFromWiki -->
  <testcase classname="com.qa.pushpa.testLayer.TestCase1" name="detailsValidation" time="0.0">
    <ignored/>
  </testcase> <!-- detailsValidation -->
</testsuite> <!-- Default test -->
