<?xml version="1.0" encoding="UTF-8"?>
<testng-results ignored="0" total="4" passed="3" failed="1" skipped="0">
  <reporter-output>
  </reporter-output>
  <suite started-at="2022-09-28T15:58:34 IST" name="Suite" finished-at="2022-09-28T16:02:03 IST" duration-ms="209102">
    <groups>
    </groups>
    <test started-at="2022-09-28T15:58:34 IST" name="Test" finished-at="2022-09-28T16:02:03 IST" duration-ms="209102">
      <class name="com.qa.pushpa.testLayer.TestCase1">
        <test-method is-config="true" signature="setUp()[pri:0, instance:com.qa.pushpa.testLayer.TestCase1@6973b51b]" started-at="2022-09-28T15:58:34 IST" name="setUp" finished-at="2022-09-28T15:58:40 IST" duration-ms="5546" status="PASS">
          <reporter-output>
          </reporter-output>
        </test-method> <!-- setUp -->
        <test-method signature="detailsValidation()[pri:1, instance:com.qa.pushpa.testLayer.TestCase1@6973b51b]" started-at="2022-09-28T15:58:40 IST" name="detailsValidation" finished-at="2022-09-28T15:59:21 IST" duration-ms="41381" status="PASS">
          <reporter-output>
          </reporter-output>
        </test-method> <!-- detailsValidation -->
        <test-method is-config="true" signature="tearDown()[pri:0, instance:com.qa.pushpa.testLayer.TestCase1@6973b51b]" started-at="2022-09-28T15:59:21 IST" name="tearDown" finished-at="2022-09-28T15:59:26 IST" duration-ms="5386" status="PASS">
          <reporter-output>
          </reporter-output>
        </test-method> <!-- tearDown -->
        <test-method is-config="true" signature="setUp()[pri:0, instance:com.qa.pushpa.testLayer.TestCase1@6973b51b]" started-at="2022-09-28T15:59:26 IST" name="setUp" finished-at="2022-09-28T15:59:30 IST" duration-ms="3250" status="PASS">
          <reporter-output>
          </reporter-output>
        </test-method> <!-- setUp -->
        <test-method signature="detailsFromWiki()[pri:2, instance:com.qa.pushpa.testLayer.TestCase1@6973b51b]" started-at="2022-09-28T15:59:30 IST" name="detailsFromWiki" finished-at="2022-09-28T15:59:37 IST" duration-ms="7710" status="PASS">
          <reporter-output>
          </reporter-output>
        </test-method> <!-- detailsFromWiki -->
        <test-method is-config="true" signature="tearDown()[pri:0, instance:com.qa.pushpa.testLayer.TestCase1@6973b51b]" started-at="2022-09-28T15:59:37 IST" name="tearDown" finished-at="2022-09-28T15:59:44 IST" duration-ms="6213" status="PASS">
          <reporter-output>
          </reporter-output>
        </test-method> <!-- tearDown -->
        <test-method is-config="true" signature="setUp()[pri:0, instance:com.qa.pushpa.testLayer.TestCase1@6973b51b]" started-at="2022-09-28T15:59:44 IST" name="setUp" finished-at="2022-09-28T15:59:47 IST" duration-ms="3239" status="PASS">
          <reporter-output>
          </reporter-output>
        </test-method> <!-- setUp -->
        <test-method signature="ValidationOfCountry()[pri:3, instance:com.qa.pushpa.testLayer.TestCase1@6973b51b]" started-at="2022-09-28T15:59:47 IST" name="ValidationOfCountry" finished-at="2022-09-28T16:00:28 IST" duration-ms="41039" status="PASS">
          <reporter-output>
          </reporter-output>
        </test-method> <!-- ValidationOfCountry -->
        <test-method is-config="true" signature="tearDown()[pri:0, instance:com.qa.pushpa.testLayer.TestCase1@6973b51b]" started-at="2022-09-28T16:00:28 IST" name="tearDown" finished-at="2022-09-28T16:00:34 IST" duration-ms="6086" status="PASS">
          <reporter-output>
          </reporter-output>
        </test-method> <!-- tearDown -->
        <test-method is-config="true" signature="setUp()[pri:0, instance:com.qa.pushpa.testLayer.TestCase1@6973b51b]" started-at="2022-09-28T16:00:34 IST" name="setUp" finished-at="2022-09-28T16:00:37 IST" duration-ms="2990" status="PASS">
          <reporter-output>
          </reporter-output>
        </test-method> <!-- setUp -->
        <test-method signature="validationOfReleaseDate()[pri:4, instance:com.qa.pushpa.testLayer.TestCase1@6973b51b]" started-at="2022-09-28T16:00:37 IST" name="validationOfReleaseDate" finished-at="2022-09-28T16:01:58 IST" duration-ms="80699" status="FAIL">
          <exception class="org.openqa.selenium.NoSuchElementException">
            <message>
              <![CDATA[no such element: Unable to locate element: {"method":"xpath","selector":"//td[text()='17 December 2021']"}
  (Session info: chrome=105.0.5195.127)
For documentation on this error, please visit: https://selenium.dev/exceptions/#no_such_element
Build info: version: '4.3.0', revision: 'a4995e2c09*'
System info: host: 'DESKTOP-5GBN1E9', ip: '192.168.29.200', os.name: 'Windows 10', os.arch: 'amd64', os.version: '10.0', java.version: '18'
Driver info: org.openqa.selenium.chrome.ChromeDriver
Command: [261e63af908c78a128d3219938168ad8, findElement {using=xpath, value=//td[text()='17 December 2021']}]
Capabilities {acceptInsecureCerts: false, browserName: chrome, browserVersion: 105.0.5195.127, chrome: {chromedriverVersion: 105.0.5195.52 (412c95e51883..., userDataDir: C:\Users\nitin\AppData\Loca...}, goog:chromeOptions: {debuggerAddress: localhost:58525}, networkConnectionEnabled: false, pageLoadStrategy: normal, platformName: WINDOWS, proxy: Proxy(), se:cdp: ws://localhost:58525/devtoo..., se:cdpVersion: 105.0.5195.127, setWindowRect: true, strictFileInteractability: false, timeouts: {implicit: 0, pageLoad: 300000, script: 30000}, unhandledPromptBehavior: dismiss and notify, webauthn:extension:credBlob: true, webauthn:extension:largeBlob: true, webauthn:virtualAuthenticators: true}
Session ID: 261e63af908c78a128d3219938168ad8]]>
            </message>
            <full-stacktrace>
              <![CDATA[org.openqa.selenium.NoSuchElementException: no such element: Unable to locate element: {"method":"xpath","selector":"//td[text()='17 December 2021']"}
  (Session info: chrome=105.0.5195.127)
For documentation on this error, please visit: https://selenium.dev/exceptions/#no_such_element
Build info: version: '4.3.0', revision: 'a4995e2c09*'
System info: host: 'DESKTOP-5GBN1E9', ip: '192.168.29.200', os.name: 'Windows 10', os.arch: 'amd64', os.version: '10.0', java.version: '18'
Driver info: org.openqa.selenium.chrome.ChromeDriver
Command: [261e63af908c78a128d3219938168ad8, findElement {using=xpath, value=//td[text()='17 December 2021']}]
Capabilities {acceptInsecureCerts: false, browserName: chrome, browserVersion: 105.0.5195.127, chrome: {chromedriverVersion: 105.0.5195.52 (412c95e51883..., userDataDir: C:\Users\nitin\AppData\Loca...}, goog:chromeOptions: {debuggerAddress: localhost:58525}, networkConnectionEnabled: false, pageLoadStrategy: normal, platformName: WINDOWS, proxy: Proxy(), se:cdp: ws://localhost:58525/devtoo..., se:cdpVersion: 105.0.5195.127, setWindowRect: true, strictFileInteractability: false, timeouts: {implicit: 0, pageLoad: 300000, script: 30000}, unhandledPromptBehavior: dismiss and notify, webauthn:extension:credBlob: true, webauthn:extension:largeBlob: true, webauthn:virtualAuthenticators: true}
Session ID: 261e63af908c78a128d3219938168ad8
at java.base/jdk.internal.reflect.DirectConstructorHandleAccessor.newInstance(DirectConstructorHandleAccessor.java:67)
at java.base/java.lang.reflect.Constructor.newInstanceWithCaller(Constructor.java:499)
at java.base/java.lang.reflect.Constructor.newInstance(Constructor.java:483)
at org.openqa.selenium.remote.codec.w3c.W3CHttpResponseCodec.createException(W3CHttpResponseCodec.java:200)
at org.openqa.selenium.remote.codec.w3c.W3CHttpResponseCodec.decode(W3CHttpResponseCodec.java:133)
at org.openqa.selenium.remote.codec.w3c.W3CHttpResponseCodec.decode(W3CHttpResponseCodec.java:53)
at org.openqa.selenium.remote.HttpCommandExecutor.execute(HttpCommandExecutor.java:184)
at org.openqa.selenium.remote.service.DriverCommandExecutor.invokeExecute(DriverCommandExecutor.java:167)
at org.openqa.selenium.remote.service.DriverCommandExecutor.execute(DriverCommandExecutor.java:142)
at org.openqa.selenium.remote.RemoteWebDriver.execute(RemoteWebDriver.java:569)
at org.openqa.selenium.remote.ElementLocation$ElementFinder$2.findElement(ElementLocation.java:162)
at org.openqa.selenium.remote.ElementLocation.findElement(ElementLocation.java:60)
at org.openqa.selenium.remote.RemoteWebDriver.findElement(RemoteWebDriver.java:387)
at org.openqa.selenium.remote.RemoteWebDriver.findElement(RemoteWebDriver.java:379)
at org.openqa.selenium.support.pagefactory.DefaultElementLocator.findElement(DefaultElementLocator.java:70)
at org.openqa.selenium.support.pagefactory.internal.LocatingElementHandler.invoke(LocatingElementHandler.java:39)
at jdk.proxy2/jdk.proxy2.$Proxy16.getText(Unknown Source)
at com.qa.pushpa.pageLayer.PushpaIMDB.statusRelease(PushpaIMDB.java:59)
at com.qa.pushpa.testLayer.TestCase1.validationOfReleaseDate(TestCase1.java:119)
at java.base/jdk.internal.reflect.DirectMethodHandleAccessor.invoke(DirectMethodHandleAccessor.java:104)
at java.base/java.lang.reflect.Method.invoke(Method.java:577)
at org.testng.internal.MethodInvocationHelper.invokeMethod(MethodInvocationHelper.java:133)
at org.testng.internal.TestInvoker.invokeMethod(TestInvoker.java:598)
at org.testng.internal.TestInvoker.invokeTestMethod(TestInvoker.java:173)
at org.testng.internal.MethodRunner.runInSequence(MethodRunner.java:46)
at org.testng.internal.TestInvoker$MethodInvocationAgent.invoke(TestInvoker.java:824)
at org.testng.internal.TestInvoker.invokeTestMethods(TestInvoker.java:146)
at org.testng.internal.TestMethodWorker.invokeTestMethods(TestMethodWorker.java:146)
at org.testng.internal.TestMethodWorker.run(TestMethodWorker.java:128)
at java.base/java.util.ArrayList.forEach(ArrayList.java:1511)
at org.testng.TestRunner.privateRun(TestRunner.java:794)
at org.testng.TestRunner.run(TestRunner.java:596)
at org.testng.SuiteRunner.runTest(SuiteRunner.java:377)
at org.testng.SuiteRunner.runSequentially(SuiteRunner.java:371)
at org.testng.SuiteRunner.privateRun(SuiteRunner.java:332)
at org.testng.SuiteRunner.run(SuiteRunner.java:276)
at org.testng.SuiteRunnerWorker.runSuite(SuiteRunnerWorker.java:53)
at org.testng.SuiteRunnerWorker.run(SuiteRunnerWorker.java:96)
at org.testng.TestNG.runSuitesSequentially(TestNG.java:1212)
at org.testng.TestNG.runSuitesLocally(TestNG.java:1134)
at org.testng.TestNG.runSuites(TestNG.java:1063)
at org.testng.TestNG.run(TestNG.java:1031)
at org.testng.remote.AbstractRemoteTestNG.run(AbstractRemoteTestNG.java:115)
at org.testng.remote.RemoteTestNG.initAndRun(RemoteTestNG.java:251)
at org.testng.remote.RemoteTestNG.main(RemoteTestNG.java:77)
]]>
            </full-stacktrace>
          </exception> <!-- org.openqa.selenium.NoSuchElementException -->
          <reporter-output>
          </reporter-output>
        </test-method> <!-- validationOfReleaseDate -->
        <test-method is-config="true" signature="tearDown()[pri:0, instance:com.qa.pushpa.testLayer.TestCase1@6973b51b]" started-at="2022-09-28T16:01:58 IST" name="tearDown" finished-at="2022-09-28T16:02:03 IST" duration-ms="5464" status="PASS">
          <reporter-output>
          </reporter-output>
        </test-method> <!-- tearDown -->
      </class> <!-- com.qa.pushpa.testLayer.TestCase1 -->
    </test> <!-- Test -->
  </suite> <!-- Suite -->
</testng-results>
